<?xml version="1.0" encoding="UTF-8"?>
<testng-results skipped="0" failed="1" total="4" passed="3">
  <reporter-output>
  </reporter-output>
  <suite name="Suite" duration-ms="51810" started-at="2020-08-28T15:07:52Z" finished-at="2020-08-28T15:08:44Z">
    <groups>
    </groups>
    <test name="Test" duration-ms="51810" started-at="2020-08-28T15:07:52Z" finished-at="2020-08-28T15:08:44Z">
      <class name="PP_Framework.ValidateNavigationBar">
        <test-method status="PASS" signature="Launch()[pri:0, instance:PP_Framework.ValidateNavigationBar@1b74ac8]" name="Launch" is-config="true" duration-ms="17199" started-at="2020-08-28T16:07:52Z" finished-at="2020-08-28T16:08:09Z">
          <reporter-output>
          </reporter-output>
        </test-method> <!-- Launch -->
        <test-method status="PASS" signature="validateNavigationTabs()[pri:0, instance:PP_Framework.ValidateNavigationBar@1b74ac8]" name="validateNavigationTabs" duration-ms="517" started-at="2020-08-28T16:08:09Z" finished-at="2020-08-28T16:08:10Z">
          <reporter-output>
          </reporter-output>
        </test-method> <!-- validateNavigationTabs -->
        <test-method status="PASS" signature="closeBrowser()[pri:0, instance:PP_Framework.ValidateNavigationBar@1b74ac8]" name="closeBrowser" is-config="true" duration-ms="90" started-at="2020-08-28T16:08:10Z" finished-at="2020-08-28T16:08:10Z">
          <reporter-output>
          </reporter-output>
        </test-method> <!-- closeBrowser -->
      </class> <!-- PP_Framework.ValidateNavigationBar -->
      <class name="PP_Framework.HomePage">
        <test-method status="PASS" signature="Launch()[pri:0, instance:PP_Framework.HomePage@5290e5]" name="Launch" is-config="true" duration-ms="5423" started-at="2020-08-28T16:08:27Z" finished-at="2020-08-28T16:08:32Z">
          <reporter-output>
          </reporter-output>
        </test-method> <!-- Launch -->
        <test-method status="PASS" signature="validateLogin(java.lang.String, java.lang.String, java.lang.String)[pri:0, instance:PP_Framework.HomePage@5290e5]" name="validateLogin" duration-ms="8557" started-at="2020-08-28T16:08:32Z" data-provider="getData" finished-at="2020-08-28T16:08:41Z">
          <params>
            <param index="0">
              <value>
                <![CDATA[nonrestricteduser@qw.com]]>
              </value>
            </param>
            <param index="1">
              <value>
                <![CDATA[123456]]>
              </value>
            </param>
            <param index="2">
              <value>
                <![CDATA[Restricted User]]>
              </value>
            </param>
          </params>
          <reporter-output>
          </reporter-output>
        </test-method> <!-- validateLogin -->
        <test-method status="PASS" signature="validateLogin(java.lang.String, java.lang.String, java.lang.String)[pri:0, instance:PP_Framework.HomePage@5290e5]" name="validateLogin" duration-ms="2791" started-at="2020-08-28T16:08:41Z" data-provider="getData" finished-at="2020-08-28T16:08:44Z">
          <params>
            <param index="0">
              <value>
                <![CDATA[restricteduser@qw.com]]>
              </value>
            </param>
            <param index="1">
              <value>
                <![CDATA[456788]]>
              </value>
            </param>
            <param index="2">
              <value>
                <![CDATA[Non Restricted User]]>
              </value>
            </param>
          </params>
          <reporter-output>
          </reporter-output>
        </test-method> <!-- validateLogin -->
        <test-method status="PASS" signature="closeBrowser()[pri:0, instance:PP_Framework.HomePage@5290e5]" name="closeBrowser" is-config="true" duration-ms="97" started-at="2020-08-28T16:08:44Z" finished-at="2020-08-28T16:08:44Z">
          <reporter-output>
          </reporter-output>
        </test-method> <!-- closeBrowser -->
      </class> <!-- PP_Framework.HomePage -->
      <class name="PP_Framework.ValidateTitle">
        <test-method status="PASS" signature="Launch()[pri:0, instance:PP_Framework.ValidateTitle@1cf0d14]" name="Launch" is-config="true" duration-ms="16526" started-at="2020-08-28T16:08:10Z" finished-at="2020-08-28T16:08:26Z">
          <reporter-output>
          </reporter-output>
        </test-method> <!-- Launch -->
        <test-method status="FAIL" signature="validateTextandTitle()[pri:0, instance:PP_Framework.ValidateTitle@1cf0d14]" name="validateTextandTitle" duration-ms="34" started-at="2020-08-28T16:08:26Z" finished-at="2020-08-28T16:08:26Z">
          <exception class="java.lang.AssertionError">
            <message>
              <![CDATA[expected [FEATURED COURSES] but found [FEATURE COURSES]]]>
            </message>
            <full-stacktrace>
              <![CDATA[java.lang.AssertionError: expected [FEATURED COURSES] but found [FEATURE COURSES]
	at org.testng.Assert.fail(Assert.java:94)
	at org.testng.Assert.failNotEquals(Assert.java:494)
	at org.testng.Assert.assertEquals(Assert.java:123)
	at org.testng.Assert.assertEquals(Assert.java:176)
	at org.testng.Assert.assertEquals(Assert.java:186)
	at PP_Framework.ValidateTitle.validateTextandTitle(ValidateTitle.java:47)
	at sun.reflect.NativeMethodAccessorImpl.invoke0(Native Method)
	at sun.reflect.NativeMethodAccessorImpl.invoke(NativeMethodAccessorImpl.java:62)
	at sun.reflect.DelegatingMethodAccessorImpl.invoke(DelegatingMethodAccessorImpl.java:43)
	at java.lang.reflect.Method.invoke(Method.java:498)
	at org.testng.internal.MethodInvocationHelper.invokeMethod(MethodInvocationHelper.java:80)
	at org.testng.internal.Invoker.invokeMethod(Invoker.java:714)
	at org.testng.internal.Invoker.invokeTestMethod(Invoker.java:901)
	at org.testng.internal.Invoker.invokeTestMethods(Invoker.java:1231)
	at org.testng.internal.TestMethodWorker.invokeTestMethods(TestMethodWorker.java:127)
	at org.testng.internal.TestMethodWorker.run(TestMethodWorker.java:111)
	at org.testng.TestRunner.privateRun(TestRunner.java:767)
	at org.testng.TestRunner.run(TestRunner.java:617)
	at org.testng.SuiteRunner.runTest(SuiteRunner.java:334)
	at org.testng.SuiteRunner.access$000(SuiteRunner.java:37)
	at org.testng.SuiteRunner$SuiteWorker.run(SuiteRunner.java:368)
	at org.testng.internal.thread.ThreadUtil$2.call(ThreadUtil.java:64)
	at java.util.concurrent.FutureTask.run(FutureTask.java:266)
	at java.util.concurrent.ThreadPoolExecutor.runWorker(ThreadPoolExecutor.java:1149)
	at java.util.concurrent.ThreadPoolExecutor$Worker.run(ThreadPoolExecutor.java:624)
	at java.lang.Thread.run(Thread.java:748)
]]>
            </full-stacktrace>
          </exception> <!-- java.lang.AssertionError -->
          <reporter-output>
          </reporter-output>
        </test-method> <!-- validateTextandTitle -->
        <test-method status="PASS" signature="closeBrowser()[pri:0, instance:PP_Framework.ValidateTitle@1cf0d14]" name="closeBrowser" is-config="true" duration-ms="59" started-at="2020-08-28T16:08:27Z" finished-at="2020-08-28T16:08:27Z">
          <reporter-output>
          </reporter-output>
        </test-method> <!-- closeBrowser -->
      </class> <!-- PP_Framework.ValidateTitle -->
    </test> <!-- Test -->
  </suite> <!-- Suite -->
</testng-results>
